<?xml version="1.0" encoding="UTF-8"?>
<!-- Generated by org.testng.reporters.JUnitXMLReporter -->
<testsuite ignored="0" hostname="thinkpad-e14" failures="1" tests="10" name="Tutorials ninja TestCases" time="138.298" errors="0" timestamp="2025-05-31T15:23:44 IST">
  <testcase classname="com.tutorialsNinja.qa.testcases.RegisterTest" name="registerWithMAndatoryFields" time="2.209"/>
  <testcase classname="com.tutorialsNinja.qa.testcases.RegisterTest" name="registerWithAllFields" time="2.668"/>
  <testcase classname="com.tutorialsNinja.qa.testcases.RegisterTest" name="registerWithDuplicatedEmail" time="2.325"/>
  <testcase classname="com.tutorialsNinja.qa.testcases.LoginTest" name="loginWithValidCredentials" time="1.913"/>
  <testcase classname="com.tutorialsNinja.qa.testcases.LoginTest" name="loginWithValidCredentials" time="1.37"/>
  <testcase classname="com.tutorialsNinja.qa.testcases.LoginTest" name="loginWithInvalidCredentials" time="1.014"/>
  <testcase classname="com.tutorialsNinja.qa.testcases.LoginTest" name="loginWithNoCredentials" time="1.455"/>
  <testcase classname="com.tutorialsNinja.qa.testcases.SearchTest" name="searchValidProduct" time="0.914"/>
  <testcase classname="com.tutorialsNinja.qa.testcases.SearchTest" name="searchInvalidProduct" time="0.034">
    <failure type="java.lang.IllegalArgumentException" message="Keys to send should be a not null CharSequence">
      <![CDATA[java.lang.IllegalArgumentException: Keys to send should be a not null CharSequence
at org.openqa.selenium.remote.RemoteWebElement.sendKeys(RemoteWebElement.java:96)
at org.openqa.selenium.support.pagefactory.internal.LocatingElementHandler.invoke(LocatingElementHandler.java:51)
at jdk.proxy2/jdk.proxy2.$Proxy15.sendKeys(Unknown Source)
at com.tutorialsNinja.qa.pages.HomePage.searchVProductName(HomePage.java:52)
at com.tutorialsNinja.qa.testcases.SearchTest.searchInvalidProduct(SearchTest.java:53)
at java.base/java.util.ArrayList.forEach(ArrayList.java:1511)
... Removed 27 stack frames]]>
    </failure>
  </testcase> <!-- searchInvalidProduct -->
  <testcase classname="com.tutorialsNinja.qa.testcases.SearchTest" name="searchNoProduct" time="0.693"/>
</testsuite> <!-- Tutorials ninja TestCases -->
