<?xml version="1.0" encoding="UTF-8"?>
<!-- Generated by org.testng.reporters.JUnitXMLReporter -->
<testsuite ignored="0" hostname="thinkpad-e14" failures="1" tests="10" name="Tutorials ninja TestCases" time="70.407" errors="0" timestamp="2025-05-31T15:46:52 IST">
  <testcase classname="com.tutorialsNinja.qa.testcases.RegisterTest" name="registerWithMAndatoryFields" time="1.9"/>
  <testcase classname="com.tutorialsNinja.qa.testcases.RegisterTest" name="registerWithAllFields" time="1.781"/>
  <testcase classname="com.tutorialsNinja.qa.testcases.RegisterTest" name="registerWithDuplicatedEmail" time="1.984"/>
  <testcase classname="com.tutorialsNinja.qa.testcases.LoginTest" name="loginWithValidCredentials" time="1.281"/>
  <testcase classname="com.tutorialsNinja.qa.testcases.LoginTest" name="loginWithValidCredentials" time="1.287"/>
  <testcase classname="com.tutorialsNinja.qa.testcases.LoginTest" name="loginWithInvalidCredentials" time="1.308"/>
  <testcase classname="com.tutorialsNinja.qa.testcases.LoginTest" name="loginWithNoCredentials" time="1.32"/>
  <testcase classname="com.tutorialsNinja.qa.testcases.SearchTest" name="searchValidProduct" time="0.683"/>
  <testcase classname="com.tutorialsNinja.qa.testcases.SearchTest" name="searchInvalidProduct" time="0.03">
    <failure type="java.lang.IllegalArgumentException" message="Keys to send should be a not null CharSequence">
      <![CDATA[java.lang.IllegalArgumentException: Keys to send should be a not null CharSequence
at org.openqa.selenium.remote.RemoteWebElement.sendKeys(RemoteWebElement.java:96)
at org.openqa.selenium.support.pagefactory.internal.LocatingElementHandler.invoke(LocatingElementHandler.java:51)
at jdk.proxy2/jdk.proxy2.$Proxy12.sendKeys(Unknown Source)
at com.tutorialsNinja.qa.pages.HomePage.searchVProductName(HomePage.java:52)
at com.tutorialsNinja.qa.testcases.SearchTest.searchInvalidProduct(SearchTest.java:53)
at java.base/java.util.ArrayList.forEach(ArrayList.java:1511)
... Removed 34 stack frames]]>
    </failure>
  </testcase> <!-- searchInvalidProduct -->
  <testcase classname="com.tutorialsNinja.qa.testcases.SearchTest" name="searchNoProduct" time="0.619"/>
</testsuite> <!-- Tutorials ninja TestCases -->
